<?xml version="1.0" encoding="UTF-8"?>
<!-- Generated by org.testng.reporters.JUnitReportReporter -->
<testsuite hostname="wks-samira-n" name="sikuli.RunTenTime" tests="10" failures="0" timestamp="4 Jul 2016 11:16:07 GMT" time="0.124" errors="0">
  <testcase name="test" time="0.016" classname="sikuli.RunTenTime"/>
  <testcase name="test" time="0.000" classname="sikuli.RunTenTime"/>
  <testcase name="test" time="0.003" classname="sikuli.RunTenTime"/>
  <testcase name="test" time="0.048" classname="sikuli.RunTenTime"/>
  <testcase name="test" time="0.016" classname="sikuli.RunTenTime"/>
  <testcase name="test" time="0.005" classname="sikuli.RunTenTime"/>
  <testcase name="test" time="0.000" classname="sikuli.RunTenTime"/>
  <testcase name="test" time="0.016" classname="sikuli.RunTenTime"/>
  <testcase name="test" time="0.015" classname="sikuli.RunTenTime"/>
  <testcase name="test" time="0.005" classname="sikuli.RunTenTime"/>
</testsuite> <!-- sikuli.RunTenTime -->
