<?xml version="1.0" encoding="UTF-8"?>
<!-- Generated by org.testng.reporters.JUnitReportReporter -->
<testsuite hostname="wks-samira-n" name="sikuli.RunTenTimes" tests="10" failures="0" timestamp="4 Jul 2016 11:14:12 GMT" time="0.112" errors="0">
  <testcase name="runsTenTimes" time="0.000" classname="sikuli.RunTenTimes"/>
  <testcase name="runsTenTimes" time="0.000" classname="sikuli.RunTenTimes"/>
  <testcase name="runsTenTimes" time="0.000" classname="sikuli.RunTenTimes"/>
  <testcase name="runsTenTimes" time="0.050" classname="sikuli.RunTenTimes"/>
  <testcase name="runsTenTimes" time="0.000" classname="sikuli.RunTenTimes"/>
  <testcase name="runsTenTimes" time="0.015" classname="sikuli.RunTenTimes"/>
  <testcase name="runsTenTimes" time="0.016" classname="sikuli.RunTenTimes"/>
  <testcase name="runsTenTimes" time="0.000" classname="sikuli.RunTenTimes"/>
  <testcase name="runsTenTimes" time="0.015" classname="sikuli.RunTenTimes"/>
  <testcase name="runsTenTimes" time="0.016" classname="sikuli.RunTenTimes"/>
</testsuite> <!-- sikuli.RunTenTimes -->
