<?xml version="1.0" encoding="UTF-8"?>
<!-- Generated by org.testng.reporters.JUnitReportReporter -->
<testsuite hostname="wks-samira-n" name="com.calsoft.nexenta.vcp.SikuliTest" tests="20" failures="0" timestamp="5 Jul 2016 04:32:01 GMT" time="0.141" errors="0">
  <testcase name="testVCP" time="0.005" classname="com.calsoft.nexenta.vcp.SikuliTest"/>
  <testcase name="testVCP" time="0.004" classname="com.calsoft.nexenta.vcp.SikuliTest"/>
  <testcase name="testVCP" time="0.006" classname="com.calsoft.nexenta.vcp.SikuliTest"/>
  <testcase name="testVCP" time="0.008" classname="com.calsoft.nexenta.vcp.SikuliTest"/>
  <testcase name="testVCP" time="0.011" classname="com.calsoft.nexenta.vcp.SikuliTest"/>
  <testcase name="testVCP" time="0.009" classname="com.calsoft.nexenta.vcp.SikuliTest"/>
  <testcase name="testVCP" time="0.014" classname="com.calsoft.nexenta.vcp.SikuliTest"/>
  <testcase name="testVCP" time="0.005" classname="com.calsoft.nexenta.vcp.SikuliTest"/>
  <testcase name="testVCP" time="0.007" classname="com.calsoft.nexenta.vcp.SikuliTest"/>
  <testcase name="testVCP" time="0.007" classname="com.calsoft.nexenta.vcp.SikuliTest"/>
  <testcase name="testVCP" time="0.005" classname="com.calsoft.nexenta.vcp.SikuliTest"/>
  <testcase name="testVCP" time="0.009" classname="com.calsoft.nexenta.vcp.SikuliTest"/>
  <testcase name="testVCP" time="0.005" classname="com.calsoft.nexenta.vcp.SikuliTest"/>
  <testcase name="testVCP" time="0.005" classname="com.calsoft.nexenta.vcp.SikuliTest"/>
  <testcase name="testVCP" time="0.013" classname="com.calsoft.nexenta.vcp.SikuliTest"/>
  <testcase name="testVCP" time="0.003" classname="com.calsoft.nexenta.vcp.SikuliTest"/>
  <testcase name="testVCP" time="0.005" classname="com.calsoft.nexenta.vcp.SikuliTest"/>
  <testcase name="testVCP" time="0.006" classname="com.calsoft.nexenta.vcp.SikuliTest"/>
  <testcase name="testVCP" time="0.008" classname="com.calsoft.nexenta.vcp.SikuliTest"/>
  <testcase name="testVCP" time="0.006" classname="com.calsoft.nexenta.vcp.SikuliTest"/>
</testsuite> <!-- com.calsoft.nexenta.vcp.SikuliTest -->
