<?xml version="1.0" encoding="UTF-8"?>
<!-- Generated by org.testng.reporters.JUnitReportReporter -->
<testsuite hostname="wks-samira-n" name="com.calsoft.nexenta.vcp.SikuliTest" tests="1" failures="0" timestamp="9 Jun 2016 14:56:50 GMT" time="59.042" errors="0">
  <testcase name="testLogo" time="59.042" classname="com.calsoft.nexenta.vcp.SikuliTest"/>
</testsuite> <!-- com.calsoft.nexenta.vcp.SikuliTest -->
