<?xml version="1.0" encoding="UTF-8"?>
<!-- Generated by org.testng.reporters.JUnitReportReporter -->
<testsuite hostname="wks-samira-n" name="com.calsoft.nexenta.vcp.SikuliTest" tests="2" failures="0" timestamp="6 Jul 2016 06:47:51 GMT" time="221.950" errors="0">
  <testcase name="testVCP" time="0.000" classname="com.calsoft.nexenta.vcp.SikuliTest"/>
  <testcase name="testVCP" time="221.950" classname="com.calsoft.nexenta.vcp.SikuliTest"/>
</testsuite> <!-- com.calsoft.nexenta.vcp.SikuliTest -->
